
> health-ai-app@0.1.0 build
> next build

▲ Next.js 16.2.4 (Turbopack)
- Environments: .env

  Creating an optimized production build ...
✓ Compiled successfully in 1391ms
  Running TypeScript ...
  Finished TypeScript in 1497ms ...
  Collecting page data using 7 workers ...
Error [PrismaClientInitializationError]: `PrismaClient` needs to be constructed with a non-empty, valid `PrismaClientOptions`:

```
new PrismaClient({
  ...
})
```

or

```
constructor() {
  super({ ... });
}
```
          
    at module evaluation (.next/server/chunks/_006i9cs._.js:1:20456)
    at instantiateModule (.next/server/chunks/[turbopack]_runtime.js:853:9)
    at getOrInstantiateModuleFromParent (.next/server/chunks/[turbopack]_runtime.js:877:12)
    at Context.esmImport [as i] (.next/server/chunks/[turbopack]_runtime.js:281:20)
    at module evaluation (.next/server/chunks/[root-of-the-server]__0bk~t0c._.js:1:1367)
    at instantiateModule (.next/server/chunks/[turbopack]_runtime.js:853:9)
    at instantiateRuntimeModule (.next/server/chunks/[turbopack]_runtime.js:882:12)
    at getOrInstantiateRuntimeModule (.next/server/chunks/[turbopack]_runtime.js:895:12)
    at Object.m (.next/server/chunks/[turbopack]_runtime.js:898:18) {
  clientVersion: '7.8.0',
  errorCode: undefined,
  retryable: undefined
}
Error [PrismaClientInitializationError]: `PrismaClient` needs to be constructed with a non-empty, valid `PrismaClientOptions`:

```
new PrismaClient({
  ...
})
```

or

```
constructor() {
  super({ ... });
}
```
          
    at module evaluation (.next/server/chunks/_006i9cs._.js:1:20456)
    at instantiateModule (.next/server/chunks/[turbopack]_runtime.js:853:9)
    at getOrInstantiateModuleFromParent (.next/server/chunks/[turbopack]_runtime.js:877:12)
    at Context.esmImport [as i] (.next/server/chunks/[turbopack]_runtime.js:281:20)
    at module evaluation (.next/server/chunks/[root-of-the-server]__0zfim.4._.js:1:1367)
    at instantiateModule (.next/server/chunks/[turbopack]_runtime.js:853:9)
    at instantiateRuntimeModule (.next/server/chunks/[turbopack]_runtime.js:882:12)
    at getOrInstantiateRuntimeModule (.next/server/chunks/[turbopack]_runtime.js:895:12)
    at Object.m (.next/server/chunks/[turbopack]_runtime.js:898:18) {
  clientVersion: '7.8.0',
  errorCode: undefined,
  retryable: undefined
}

> Build error occurred
Error: Failed to collect page data for /api/export
    at ignore-listed frames {
  type: 'Error'
}
